# JRE version: OpenJDK Runtime Environment (10.0.1+10) (build 10.0.1+10-Ubuntu-3ubuntu1)
# Java VM: OpenJDK 64-Bit Server VM (10.0.1+10-Ubuntu-3ubuntu1, mixed mode, tiered, compressed oops, g1 gc, linux-amd64)
Heap:
 garbage-first heap   total 279552K, used 1645K [0x00000000c4c00000, 0x0000000100000000)
  region size 1024K, 0 young (0K), 0 survivors (0K)
 Metaspace       used 7560K, capacity 7714K, committed 7936K, reserved 1056768K
  class space    used 653K, capacity 721K, committed 768K, reserved 1048576K
GC Heap History (10 events):
Event: 11072,623 GC heap after
{Heap after GC invocations=60540 (full 0):
 garbage-first heap   total 249856K, used 1645K [0x00000000c4c00000, 0x0000000100000000)
  region size 1024K, 0 young (0K), 0 survivors (0K)
 Metaspace       used 7560K, capacity 7714K, committed 7936K, reserved 1056768K
  class space    used 653K, capacity 721K, committed 768K, reserved 1048576K
}
Event: 11072,889 GC heap before
{Heap before GC invocations=60540 (full 0):
 garbage-first heap   total 249856K, used 151149K [0x00000000c4c00000, 0x0000000100000000)
  region size 1024K, 146 young (149504K), 0 survivors (0K)
 Metaspace       used 7560K, capacity 7714K, committed 7936K, reserved 1056768K
  class space    used 653K, capacity 721K, committed 768K, reserved 1048576K
}
Event: 11072,905 GC heap after
{Heap after GC invocations=60541 (full 0):
 garbage-first heap   total 249856K, used 1645K [0x00000000c4c00000, 0x0000000100000000)
  region size 1024K, 0 young (0K), 0 survivors (0K)
 Metaspace       used 7560K, capacity 7714K, committed 7936K, reserved 1056768K
  class space    used 653K, capacity 721K, committed 768K, reserved 1048576K
}
Event: 11073,172 GC heap before
{Heap before GC invocations=60541 (full 0):
 garbage-first heap   total 249856K, used 151149K [0x00000000c4c00000, 0x0000000100000000)
  region size 1024K, 146 young (149504K), 0 survivors (0K)
 Metaspace       used 7560K, capacity 7714K, committed 7936K, reserved 1056768K
  class space    used 653K, capacity 721K, committed 768K, reserved 1048576K
}
Event: 11073,184 GC heap after
{Heap after GC invocations=60542 (full 0):
 garbage-first heap   total 249856K, used 1645K [0x00000000c4c00000, 0x0000000100000000)
  region size 1024K, 0 young (0K), 0 survivors (0K)
 Metaspace       used 7560K, capacity 7714K, committed 7936K, reserved 1056768K
  class space    used 653K, capacity 721K, committed 768K, reserved 1048576K
}
Event: 11073,482 GC heap before
{Heap before GC invocations=60542 (full 0):
 garbage-first heap   total 249856K, used 151149K [0x00000000c4c00000, 0x0000000100000000)
  region size 1024K, 146 young (149504K), 0 survivors (0K)
 Metaspace       used 7560K, capacity 7714K, committed 7936K, reserved 1056768K
  class space    used 653K, capacity 721K, committed 768K, reserved 1048576K
}
Event: 11073,515 GC heap after
{Heap after GC invocations=60543 (full 0):
 garbage-first heap   total 249856K, used 1645K [0x00000000c4c00000, 0x0000000100000000)
  region size 1024K, 0 young (0K), 0 survivors (0K)
 Metaspace       used 7560K, capacity 7714K, committed 7936K, reserved 1056768K
  class space    used 653K, capacity 721K, committed 768K, reserved 1048576K
}
Event: 11073,817 GC heap before
{Heap before GC invocations=60543 (full 0):
 garbage-first heap   total 249856K, used 151149K [0x00000000c4c00000, 0x0000000100000000)
  region size 1024K, 146 young (149504K), 0 survivors (0K)
 Metaspace       used 7560K, capacity 7714K, committed 7936K, reserved 1056768K
  class space    used 653K, capacity 721K, committed 768K, reserved 1048576K
}
Event: 11073,850 GC heap after
{Heap after GC invocations=60544 (full 0):
 garbage-first heap   total 249856K, used 1645K [0x00000000c4c00000, 0x0000000100000000)
  region size 1024K, 0 young (0K), 0 survivors (0K)
 Metaspace       used 7560K, capacity 7714K, committed 7936K, reserved 1056768K
  class space    used 653K, capacity 721K, committed 768K, reserved 1048576K
}
Event: 11074,198 GC heap before
{Heap before GC invocations=60544 (full 0):
 garbage-first heap   total 249856K, used 151149K [0x00000000c4c00000, 0x0000000100000000)
  region size 1024K, 146 young (149504K), 0 survivors (0K)
 Metaspace       used 7560K, capacity 7714K, committed 7936K, reserved 1056768K
  class space    used 653K, capacity 721K, committed 768K, reserved 1048576K
}

